[20Dec2024 00:03:24.315] [Server thread/INFO] [net.minecraft.server.MinecraftServer/]: [Not Secure] <Duxaethera> alguno tiene palos o madera a la mano?
[20Dec2024 00:04:12.283] [Server thread/INFO] [net.minecraft.server.MinecraftServer/]: [Not Secure] <drewfm236> si\
[20Dec2024 00:04:17.122] [Server thread/INFO] [net.minecraft.server.MinecraftServer/]: [Not Secure] <drewfm236> llegate a los cofres
[20Dec2024 00:04:23.263] [Server thread/INFO] [net.minecraft.server.MinecraftServer/]: [Not Secure] <drewfm236> es q casi me matan xd
[20Dec2024 00:05:10.716] [Server thread/INFO] [net.minecraft.server.MinecraftServer/]: [Not Secure] <drewfm236> los dejo en el cofre
[20Dec2024 00:07:56.709] [Server thread/INFO] [net.minecraft.server.MinecraftServer/]: Duxaethera has reached the goal [You Need a Mint]
[20Dec2024 00:08:47.811] [Server thread/INFO] [twilightforest/]: GENERATING ORE TO BLOCK MAPPING
[20Dec2024 00:08:50.764] [Server thread/INFO] [net.minecraft.server.MinecraftServer/]: Roxanne711 has made the advancement [I See Right Through You]
[20Dec2024 00:09:56.780] [Server thread/WARN] [tombstone/]: The death event of the player drewfm236 was canceled by another mod
[20Dec2024 00:09:56.832] [Server thread/INFO] [tombstone/]: The player drewfm236 has successfully been saved
[20Dec2024 00:10:15.167] [Server thread/INFO] [net.minecraft.server.MinecraftServer/]: [Not Secure] <drewfm236> ayuda
[20Dec2024 00:12:04.030] [Server thread/INFO] [net.minecraft.server.MinecraftServer/]: [Not Secure] <drewfm236> esa arma esta brutal mrc
[20Dec2024 00:13:55.114] [Server thread/WARN] [tombstone/]: The death event of the player Duxaethera was canceled by another mod
[20Dec2024 00:13:55.128] [Server thread/INFO] [tombstone/]: The player Duxaethera has successfully been saved
[20Dec2024 00:14:15.994] [Server thread/INFO] [net.minecraft.server.MinecraftServer/]: [Not Secure] <Duxaethera> ME REVENTARON LA ARMOR
[20Dec2024 00:14:39.059] [Server thread/WARN] [tombstone/]: The death event of the player Roxanne711 was canceled by another mod
[20Dec2024 00:14:39.074] [Server thread/INFO] [tombstone/]: The player Roxanne711 has successfully been saved
[20Dec2024 00:14:42.337] [Server thread/WARN] [tombstone/]: The death event of the player drewfm236 was canceled by another mod
[20Dec2024 00:14:42.347] [Server thread/INFO] [tombstone/]: The player drewfm236 has successfully been saved
[20Dec2024 00:15:03.271] [Server thread/WARN] [tombstone/]: The death event of the player Duxaethera was canceled by another mod
[20Dec2024 00:15:03.411] [Server thread/INFO] [tombstone/]: The player Duxaethera has successfully been saved
[20Dec2024 00:15:07.015] [Server thread/INFO] [net.minecraft.server.MinecraftServer/]: [Not Secure] <Duxaethera> mrd
[20Dec2024 00:15:13.462] [Server thread/INFO] [net.minecraft.server.MinecraftServer/]: [Not Secure] <drewfm236> valimos
[20Dec2024 00:15:38.625] [Server thread/INFO] [net.minecraft.server.MinecraftServer/]: [Roxanne711: Teleported st_Div to Roxanne711]
[20Dec2024 00:15:42.262] [Server thread/INFO] [net.minecraft.server.MinecraftServer/]: drewfm236 was slain by Grumm
[20Dec2024 00:15:42.292] [Server thread/INFO] [com.tiviacz.travelersbackpack.TravelersBackpack/]: Created new backpack backup file for drewfm236 with unique ID travelersbackpack.standard_20.12.2024-00.15.42.dat
[20Dec2024 00:15:47.754] [Server thread/WARN] [net.minecraft.server.MinecraftServer/]: Can't keep up! Is the server overloaded? Running 2064ms or 41 ticks behind
[20Dec2024 00:16:16.916] [Server thread/INFO] [net.minecraft.server.players.PlayerList/]: Capybara_Zzz[/127.89.56.177:32891] logged in with entity id 19199 at (-1251.4007083765057, 149.0, 2508.932449057184)
[20Dec2024 00:16:16.957] [Server thread/INFO] [net.minecraft.server.MinecraftServer/]: Capybara_Zzz joined the game
[20Dec2024 00:16:20.471] [Server thread/WARN] [net.minecraft.server.MinecraftServer/]: Can't keep up! Is the server overloaded? Running 4380ms or 87 ticks behind
[20Dec2024 00:16:48.238] [Server thread/WARN] [net.minecraft.server.MinecraftServer/]: Can't keep up! Is the server overloaded? Running 12798ms or 255 ticks behind
[20Dec2024 00:17:06.378] [Server thread/WARN] [net.minecraft.server.MinecraftServer/]: Can't keep up! Is the server overloaded? Running 3188ms or 63 ticks behind
[20Dec2024 00:17:31.502] [Server thread/WARN] [net.minecraft.server.MinecraftServer/]: Can't keep up! Is the server overloaded? Running 10162ms or 203 ticks behind
[20Dec2024 00:17:49.892] [Server thread/WARN] [net.minecraft.server.MinecraftServer/]: Can't keep up! Is the server overloaded? Running 3401ms or 68 ticks behind
[20Dec2024 00:18:13.463] [Server thread/WARN] [net.minecraft.server.MinecraftServer/]: Can't keep up! Is the server overloaded? Running 8573ms or 171 ticks behind
[20Dec2024 00:18:52.480] [Server thread/WARN] [net.minecraft.server.MinecraftServer/]: Can't keep up! Is the server overloaded? Running 24040ms or 480 ticks behind
[20Dec2024 00:19:27.175] [Server thread/WARN] [net.minecraft.server.MinecraftServer/]: Can't keep up! Is the server overloaded? Running 19735ms or 394 ticks behind
[20Dec2024 00:19:58.032] [Server thread/WARN] [net.minecraft.server.MinecraftServer/]: Can't keep up! Is the server overloaded? Running 15892ms or 317 ticks behind
[20Dec2024 00:20:06.586] [Server thread/WARN] [net.minecraft.server.network.ServerGamePacketListenerImpl/]: Boat (vehicle of Capybara_Zzz) moved too quickly! -1.6732356011459615,2.521773723174192E-8,10.220881944887424
[20Dec2024 00:20:06.587] [Server thread/WARN] [net.minecraft.server.network.ServerGamePacketListenerImpl/]: Boat (vehicle of Capybara_Zzz) moved too quickly! -1.6628181261246482,2.5404354175861954E-8,10.614251323878761
[20Dec2024 00:20:06.587] [Server thread/WARN] [net.minecraft.server.network.ServerGamePacketListenerImpl/]: Boat (vehicle of Capybara_Zzz) moved too quickly! -1.6438646169603999,2.553939282279316E-8,11.00711923640165
[20Dec2024 00:20:06.588] [Server thread/WARN] [net.minecraft.server.network.ServerGamePacketListenerImpl/]: Boat (vehicle of Capybara_Zzz) moved too quickly! -1.6182558199002415,2.5624672161939088E-8,11.399774921971584
[20Dec2024 00:20:06.588] [Server thread/WARN] [net.minecraft.server.network.ServerGamePacketListenerImpl/]: Boat (vehicle of Capybara_Zzz) moved too quickly! -1.5882712081956925,2.56656278452283E-8,11.792558301873669
[20Dec2024 00:20:06.588] [Server thread/WARN] [net.minecraft.server.network.ServerGamePacketListenerImpl/]: Boat (vehicle of Capybara_Zzz) moved too quickly! -1.5565066424803717,2.566998347219851E-8,12.185776434019772
[20Dec2024 00:20:06.588] [Server thread/WARN] [net.minecraft.server.network.ServerGamePacketListenerImpl/]: Boat (vehicle of Capybara_Zzz) moved too quickly! -1.52579114001378,2.5646535561918427E-8,12.579615924554673
[20Dec2024 00:20:06.589] [Server thread/WARN] [net.minecraft.server.network.ServerGamePacketListenerImpl/]: Boat (vehicle of Capybara_Zzz) moved too quickly! -1.4984079634164118,2.5604151687730337E-8,12.974070606385794
[20Dec2024 00:20:06.589] [Server thread/WARN] [net.minecraft.server.network.ServerGamePacketListenerImpl/]: Boat (vehicle of Capybara_Zzz) moved too quickly! -1.4761776559967075,2.5551045723659627E-8,13.369006868550969
[20Dec2024 00:20:06.589] [Server thread/WARN] [net.minecraft.server.network.ServerGamePacketListenerImpl/]: Boat (vehicle of Capybara_Zzz) moved too quickly! -1.4605182774494097,2.549425914821768E-8,13.76421249122086
[20Dec2024 00:20:06.590] [Server thread/WARN] [net.minecraft.server.network.ServerGamePacketListenerImpl/]: Boat (vehicle of Capybara_Zzz) moved too quickly! -1.4525026128617355,2.5439369721880212E-8,14.159433101915056
[20Dec2024 00:20:06.590] [Server thread/WARN] [net.minecraft.server.network.ServerGamePacketListenerImpl/]: Boat (vehicle of Capybara_Zzz) moved too quickly! -1.4529152696213714,2.5390406221958983E-8,14.55439781863879
[20Dec2024 00:20:06.590] [Server thread/WARN] [net.minecraft.server.network.ServerGamePacketListenerImpl/]: Boat (vehicle of Capybara_Zzz) moved too quickly! -1.4616161322685457,2.5349905286020658E-8,14.948989190823795
[20Dec2024 00:20:06.591] [Server thread/WARN] [net.minecraft.server.network.ServerGamePacketListenerImpl/]: Boat (vehicle of Capybara_Zzz) moved too quickly! -1.4777238599428983,2.5319074836716027E-8,15.343255699001475
[20Dec2024 00:20:06.591] [Server thread/WARN] [net.minecraft.server.network.ServerGamePacketListenerImpl/]: Boat (vehicle of Capybara_Zzz) moved too quickly! -1.4997647308141495,2.5298028560882813E-8,15.737377723604823
[20Dec2024 00:20:06.591] [Server thread/WARN] [net.minecraft.server.network.ServerGamePacketListenerImpl/]: Boat (vehicle of Capybara_Zzz) moved too quickly! -1.525796765902669,2.528604170493054E-8,16.13160486076913
[20Dec2024 00:20:06.600] [Server thread/WARN] [net.minecraft.server.network.ServerGamePacketListenerImpl/]: Boat (vehicle of Capybara_Zzz) moved too quickly! -1.5541981367036897,2.528183529193484E-8,16.526098994494987
[20Dec2024 00:20:06.601] [Server thread/WARN] [net.minecraft.server.network.ServerGamePacketListenerImpl/]: Boat (vehicle of Capybara_Zzz) moved too quickly! -1.5836304381059563,2.5283810600740253E-8,16.920955949917698
[20Dec2024 00:20:06.601] [Server thread/WARN] [net.minecraft.server.network.ServerGamePacketListenerImpl/]: Boat (vehicle of Capybara_Zzz) moved too quickly! -1.6129932446342536,2.5290262328780955E-8,17.316223833860022
[20Dec2024 00:20:06.602] [Server thread/WARN] [net.minecraft.server.network.ServerGamePacketListenerImpl/]: Boat (vehicle of Capybara_Zzz) moved too quickly! -1.64209456875642,2.529954201690998E-8,17.711875389188208
[20Dec2024 00:20:06.602] [Server thread/WARN] [net.minecraft.server.network.ServerGamePacketListenerImpl/]: Boat (vehicle of Capybara_Zzz) moved too quickly! -1.671476879996817,2.531017884166431E-8,18.107834284321143
[20Dec2024 00:20:31.488] [Server thread/WARN] [net.minecraft.server.MinecraftServer/]: Can't keep up! Is the server overloaded? Running 18498ms or 369 ticks behind
[20Dec2024 00:21:03.920] [Server thread/WARN] [net.minecraft.server.MinecraftServer/]: Can't keep up! Is the server overloaded? Running 17479ms or 349 ticks behind
[20Dec2024 00:21:08.740] [Server thread/INFO] [net.minecraft.server.MinecraftServer/]: [Not Secure] <drewfm236> se los regalo
[20Dec2024 00:21:35.268] [Server thread/WARN] [net.minecraft.server.MinecraftServer/]: Can't keep up! Is the server overloaded? Running 16378ms or 327 ticks behind
[20Dec2024 00:21:41.844] [Server thread/INFO] [net.minecraft.server.MinecraftServer/]: [Not Secure] <Duxaethera> tengo uno entre los brazos wtf
[20Dec2024 00:22:08.255] [Server thread/WARN] [net.minecraft.server.MinecraftServer/]: Can't keep up! Is the server overloaded? Running 18015ms or 360 ticks behind
[20Dec2024 00:22:46.416] [Server thread/WARN] [net.minecraft.server.MinecraftServer/]: Can't keep up! Is the server overloaded? Running 23175ms or 463 ticks behind
[20Dec2024 00:23:26.687] [Server thread/WARN] [net.minecraft.server.MinecraftServer/]: Can't keep up! Is the server overloaded? Running 25297ms or 505 ticks behind
[20Dec2024 00:23:59.893] [Server thread/WARN] [net.minecraft.server.MinecraftServer/]: Can't keep up! Is the server overloaded? Running 18253ms or 365 ticks behind
[20Dec2024 00:24:29.924] [Server thread/WARN] [net.minecraft.server.MinecraftServer/]: Can't keep up! Is the server overloaded? Running 15034ms or 300 ticks behind
[20Dec2024 00:24:48.968] [Server thread/WARN] [net.minecraft.server.network.ServerGamePacketListenerImpl/]: drewfm236 moved too quickly! 15197.443608566467,95.07840000152588,-13720.242701537556
[20Dec2024 00:24:49.202] [Server thread/WARN] [net.minecraft.server.network.ServerGamePacketListenerImpl/]: Duxaethera moved too quickly! -9.48651299105768,1.0,-3.082059169639251
[20Dec2024 00:24:49.499] [Server thread/WARN] [net.minecraft.server.network.ServerGamePacketListenerImpl/]: st_Div moved too quickly! -9.823201877363317,1.753199980521202,-2.369122902493473
[20Dec2024 00:24:57.885] [Server thread/WARN] [net.minecraft.server.network.ServerGamePacketListenerImpl/]: st_Div moved too quickly! -6.560401749142329,3.252203340253724,-6.9298750266661955
[20Dec2024 00:25:00.409] [Server thread/INFO] [net.minecraft.server.MinecraftServer/]: [Not Secure] <Capybara_Zzz> diablo loco q lag..
[20Dec2024 00:25:12.085] [Server thread/INFO] [net.minecraft.server.MinecraftServer/]: [Not Secure] <Duxaethera> ta pegando fuerte el lag
[20Dec2024 00:25:18.450] [Server thread/WARN] [net.minecraft.server.network.ServerGamePacketListenerImpl/]: drewfm236 moved too quickly! -1.1590475366519968,-1.6409186500196853,-9.835104096025361
[20Dec2024 00:25:38.526] [Server thread/WARN] [net.minecraft.server.MinecraftServer/]: Can't keep up! Is the server overloaded? Running 53635ms or 1072 ticks behind
[20Dec2024 00:25:59.656] [Server thread/WARN] [net.minecraft.server.network.ServerGamePacketListenerImpl/]: Capybara_Zzz moved too quickly! 8.14395612565636,0.7531999805212024,-5.826436563457719
[20Dec2024 00:26:25.793] [Server thread/WARN] [net.minecraft.server.network.ServerGamePacketListenerImpl/]: Capybara_Zzz moved too quickly! 10.165956388475479,-0.9232708956230766,-0.5534945159784002
[20Dec2024 00:26:30.703] [Server thread/WARN] [net.minecraft.server.MinecraftServer/]: Can't keep up! Is the server overloaded? Running 37212ms or 744 ticks behind
[20Dec2024 00:26:34.301] [Server thread/INFO] [net.minecraft.server.network.ServerGamePacketListenerImpl/]: drewfm236 lost connection: Disconnected
[20Dec2024 00:26:34.302] [Server thread/INFO] [net.minecraft.server.MinecraftServer/]: drewfm236 left the game
[20Dec2024 00:27:07.644] [Server thread/WARN] [net.minecraft.server.network.ServerGamePacketListenerImpl/]: Capybara_Zzz moved too quickly! 8.86104060405205,0.7967356006687112,5.009788640202714
[20Dec2024 00:27:15.433] [Server thread/WARN] [net.minecraft.server.MinecraftServer/]: Can't keep up! Is the server overloaded? Running 29743ms or 594 ticks behind
[20Dec2024 00:27:35.944] [Server thread/WARN] [net.minecraft.server.network.ServerGamePacketListenerImpl/]: st_Div moved too quickly! -0.053442650354554644,-5.76636799395752,8.434743771060312
[20Dec2024 00:27:50.139] [Server thread/INFO] [net.minecraft.server.MinecraftServer/]: [Not Secure] <st_Div> Dux marcaste el portal?
[20Dec2024 00:28:00.476] [Server thread/INFO] [net.minecraft.server.MinecraftServer/]: [Not Secure] <st_Div> pa salir
[20Dec2024 00:28:00.757] [Server thread/WARN] [net.minecraft.server.MinecraftServer/]: Can't keep up! Is the server overloaded? Running 30367ms or 607 ticks behind
[20Dec2024 00:28:18.449] [Server thread/WARN] [net.minecraft.server.network.ServerGamePacketListenerImpl/]: Capybara_Zzz moved too quickly! 3.0253847737421893,0.0,-9.613221589536352
[20Dec2024 00:28:18.784] [Server thread/INFO] [net.minecraft.server.MinecraftServer/]: [Not Secure] <Duxaethera> oh shit, eso me falto marcar
[20Dec2024 00:28:48.232] [Server thread/WARN] [net.minecraft.server.MinecraftServer/]: Can't keep up! Is the server overloaded? Running 32492ms or 649 ticks behind
[20Dec2024 00:28:51.725] [Server thread/WARN] [net.minecraft.server.network.ServerGamePacketListenerImpl/]: Capybara_Zzz moved too quickly! -9.752273861797676,0.12129684053920187,2.740725627079428
[20Dec2024 00:29:19.716] [Server thread/WARN] [net.minecraft.server.network.ServerGamePacketListenerImpl/]: Duxaethera moved too quickly! 8.432636876656034,0.0,5.588996817770749
[20Dec2024 00:29:29.923] [Server thread/WARN] [net.minecraft.server.MinecraftServer/]: Can't keep up! Is the server overloaded? Running 26732ms or 534 ticks behind
[20Dec2024 00:29:33.714] [Server thread/INFO] [net.minecraft.server.MinecraftServer/]: [Not Secure] <Capybara_Zzz> me voy a morir por el lag ptm
[20Dec2024 00:29:42.685] [Server thread/WARN] [net.minecraft.server.network.ServerGamePacketListenerImpl/]: Duxaethera moved too quickly! 8.739268339340924,0.0,5.099390400106131
[20Dec2024 00:30:12.419] [Server thread/WARN] [net.minecraft.server.network.ServerGamePacketListenerImpl/]: Duxaethera moved too quickly! -1.3135973688149534,0.0,-9.95381185918086
[20Dec2024 00:30:15.233] [Server thread/WARN] [net.minecraft.server.MinecraftServer/]: Can't keep up! Is the server overloaded? Running 30343ms or 606 ticks behind
[20Dec2024 00:30:26.090] [Server thread/WARN] [net.minecraft.server.network.ServerGamePacketListenerImpl/]: Capybara_Zzz moved too quickly! 1.5960769286930372,-5.604771984137301,8.15511889135496
[20Dec2024 00:30:52.197] [Server thread/WARN] [net.minecraft.server.MinecraftServer/]: Can't keep up! Is the server overloaded? Running 22007ms or 440 ticks behind
[20Dec2024 00:31:33.408] [Server thread/WARN] [net.minecraft.server.MinecraftServer/]: Can't keep up! Is the server overloaded? Running 26218ms or 524 ticks behind
[20Dec2024 00:32:14.324] [Server thread/WARN] [net.minecraft.server.MinecraftServer/]: Can't keep up! Is the server overloaded? Running 25933ms or 518 ticks behind
[20Dec2024 00:32:51.754] [Server thread/WARN] [net.minecraft.server.network.ServerGamePacketListenerImpl/]: Capybara_Zzz moved too quickly! 9.630864750747833,0.24918707874468282,-3.3711465493597643
[20Dec2024 00:32:54.484] [Server thread/WARN] [net.minecraft.server.MinecraftServer/]: Can't keep up! Is the server overloaded? Running 25193ms or 503 ticks behind
[20Dec2024 00:33:01.470] [Server thread/WARN] [net.minecraft.server.network.ServerGamePacketListenerImpl/]: Capybara_Zzz moved too quickly! -4.159991094580391,-0.5061351021062137,9.420871805793013
[20Dec2024 00:33:06.672] [Server thread/WARN] [net.minecraft.server.network.ServerGamePacketListenerImpl/]: Capybara_Zzz moved too quickly! 8.923949617467542,-2.0,4.351010252669312
[20Dec2024 00:33:11.560] [Server thread/WARN] [net.minecraft.server.network.ServerGamePacketListenerImpl/]: Capybara_Zzz moved too quickly! 0.6206972511151889,1.7539862017387549,-10.048279368830208
[20Dec2024 00:33:16.675] [Server thread/WARN] [net.minecraft.server.network.ServerGamePacketListenerImpl/]: Capybara_Zzz moved too quickly! -3.8332331466738196,-4.410391281106726,-8.358389123005054
[20Dec2024 00:33:36.893] [Server thread/WARN] [net.minecraft.server.MinecraftServer/]: Can't keep up! Is the server overloaded? Running 27453ms or 549 ticks behind
[20Dec2024 00:34:07.469] [Server thread/WARN] [net.minecraft.server.network.ServerGamePacketListenerImpl/]: Duxaethera moved too quickly! -9.298718268073571,0.0,-3.918342790504539
[20Dec2024 00:34:19.362] [Server thread/WARN] [net.minecraft.server.MinecraftServer/]: Can't keep up! Is the server overloaded? Running 27472ms or 549 ticks behind
[20Dec2024 00:35:01.287] [Server thread/WARN] [net.minecraft.server.MinecraftServer/]: Can't keep up! Is the server overloaded? Running 26947ms or 538 ticks behind
[20Dec2024 00:35:40.956] [Server thread/WARN] [net.minecraft.server.MinecraftServer/]: Can't keep up! Is the server overloaded? Running 24715ms or 494 ticks behind
[20Dec2024 00:36:20.171] [Server thread/WARN] [net.minecraft.server.MinecraftServer/]: Can't keep up! Is the server overloaded? Running 24230ms or 484 ticks behind
[20Dec2024 00:37:01.648] [Server thread/WARN] [net.minecraft.server.MinecraftServer/]: Can't keep up! Is the server overloaded? Running 26508ms or 530 ticks behind
[20Dec2024 00:37:19.763] [Server thread/WARN] [net.minecraft.server.network.ServerGamePacketListenerImpl/]: Capybara_Zzz moved too quickly! 3.170955923371821,-1.3693736602695026,-9.445007673527925
[20Dec2024 00:37:30.623] [Server thread/WARN] [net.minecraft.server.network.ServerGamePacketListenerImpl/]: Duxaethera moved too quickly! 1.5006142975762486,0.4952008770059111,-9.949515184745906
